0 info it worked if it ends with ok
1 verbose cli [ '/home/ubuntu/.nvm/versions/node/v4.4.5/bin/node',
1 verbose cli   '/home/ubuntu/.nvm/versions/node/v4.4.5/bin/npm',
1 verbose cli   'run',
1 verbose cli   'publish_to_npm' ]
2 info using npm@2.15.5
3 info using node@v4.4.5
4 verbose run-script [ 'prepublish_to_npm', 'publish_to_npm', 'postpublish_to_npm' ]
5 info prepublish_to_npm augur-ui-webserver@1.0.0
6 info publish_to_npm augur-ui-webserver@1.0.0
7 verbose unsafe-perm in lifecycle true
8 info augur-ui-webserver@1.0.0 Failed to exec publish_to_npm script
9 verbose stack Error: augur-ui-webserver@1.0.0 publish_to_npm: `clear; echo "* * * *  PUBLISH  * * * *"; NODE_ENV=production npm version patch && git push && git push --tags && npm publish`
9 verbose stack Exit status 1
9 verbose stack     at EventEmitter.<anonymous> (/home/ubuntu/.nvm/versions/node/v4.4.5/lib/node_modules/npm/lib/utils/lifecycle.js:217:16)
9 verbose stack     at emitTwo (events.js:87:13)
9 verbose stack     at EventEmitter.emit (events.js:172:7)
9 verbose stack     at ChildProcess.<anonymous> (/home/ubuntu/.nvm/versions/node/v4.4.5/lib/node_modules/npm/lib/utils/spawn.js:24:14)
9 verbose stack     at emitTwo (events.js:87:13)
9 verbose stack     at ChildProcess.emit (events.js:172:7)
9 verbose stack     at maybeClose (internal/child_process.js:827:16)
9 verbose stack     at Process.ChildProcess._handle.onexit (internal/child_process.js:211:5)
10 verbose pkgid augur-ui-webserver@1.0.0
11 verbose cwd /home/ubuntu/workspace
12 error Linux 4.2.0-c9
13 error argv "/home/ubuntu/.nvm/versions/node/v4.4.5/bin/node" "/home/ubuntu/.nvm/versions/node/v4.4.5/bin/npm" "run" "publish_to_npm"
14 error node v4.4.5
15 error npm  v2.15.5
16 error code ELIFECYCLE
17 error augur-ui-webserver@1.0.0 publish_to_npm: `clear; echo "* * * *  PUBLISH  * * * *"; NODE_ENV=production npm version patch && git push && git push --tags && npm publish`
17 error Exit status 1
18 error Failed at the augur-ui-webserver@1.0.0 publish_to_npm script 'clear; echo "* * * *  PUBLISH  * * * *"; NODE_ENV=production npm version patch && git push && git push --tags && npm publish'.
18 error This is most likely a problem with the augur-ui-webserver package,
18 error not with npm itself.
18 error Tell the author that this fails on your system:
18 error     clear; echo "* * * *  PUBLISH  * * * *"; NODE_ENV=production npm version patch && git push && git push --tags && npm publish
18 error You can get information on how to open an issue for this project with:
18 error     npm bugs augur-ui-webserver
18 error Or if that isn't available, you can get their info via:
18 error
18 error     npm owner ls augur-ui-webserver
18 error There is likely additional logging output above.
19 verbose exit [ 1, true ]
